<?xml version="1.0" encoding="UTF-8"?>
<!-- Generated by org.testng.reporters.JUnitReportReporter -->
<testsuite hostname="MOuse" failures="0" tests="3" name="com.juaracoding.cucumber.step_definitions.RunnerTest" time="8.628" errors="2" timestamp="2022-12-28T21:13:31 WIB" skipped="0">
  <testcase classname="com.juaracoding.cucumber.step_definitions.RunnerTest" name="runScenario" time="0.620">
    <error message="Cannot invoke &quot;org.openqa.selenium.WebElement.getText()&quot; because &quot;this.txtTrainer&quot; is null" type="java.lang.NullPointerException">
      <![CDATA[java.lang.NullPointerException: Cannot invoke "org.openqa.selenium.WebElement.getText()" because "this.txtTrainer" is null
at com.juaracoding.cucumber.pages.AboutPage.getTxtTrainer(AboutPage.java:26)
at com.juaracoding.cucumber.step_definitions.TestAbout.berada_di_form_about(TestAbout.java:38)
at ✽.Berada di form about(file:///C:/Users/HP/eclipse-workspace/TestWebJC/website-juaracoding/src/main/resources/features/3.About.feature:9)
]]>
    </error>
  </testcase> <!-- runScenario -->
  <system-out/>
  <testcase classname="com.juaracoding.cucumber.step_definitions.RunnerTest" name="runScenario" time="0.737">
    <error message="Cannot invoke &quot;org.openqa.selenium.WebElement.getText()&quot; because &quot;this.txtDashboard&quot; is null" type="java.lang.NullPointerException">
      <![CDATA[java.lang.NullPointerException: Cannot invoke "org.openqa.selenium.WebElement.getText()" because "this.txtDashboard" is null
at com.juaracoding.cucumber.pages.AboutPage.getTxtDashboard(AboutPage.java:18)
at com.juaracoding.cucumber.step_definitions.TestAbout.berada_di_dashboard(TestAbout.java:28)
at ✽.Berada di dashboard(file:///C:/Users/HP/eclipse-workspace/TestWebJC/website-juaracoding/src/main/resources/features/3.About.feature:4)
]]>
    </error>
  </testcase> <!-- runScenario -->
  <system-out/>
  <testcase classname="com.juaracoding.cucumber.step_definitions.RunnerTest" name="runScenario" time="7.271"/>
  <system-out/>
</testsuite> <!-- com.juaracoding.cucumber.step_definitions.RunnerTest -->
